<?xml version="1.0" encoding="UTF-8"?>
<!-- Generated by org.testng.reporters.JUnitReportReporter -->
<testsuite skipped="0" hostname="Naresh-PC" name="com.inetbanking.testCases.TC_LogInTest001" tests="1" failures="0" timestamp="06 Nov 2019 17:47:53 GMT" time="3.543" errors="0">
  <testcase name="logInTest" time="3.543" classname="com.inetbanking.testCases.TC_LogInTest001"/>
</testsuite> <!-- com.inetbanking.testCases.TC_LogInTest001 -->
