<?xml version="1.0" encoding="UTF-8"?>
<!-- Generated by org.testng.reporters.JUnitReportReporter -->
<testsuite skipped="0" hostname="Naresh-PC" name="com.inetbanking.testCases.TC_AddCustomerTest_003" tests="1" failures="0" timestamp="06 Nov 2019 20:56:52 GMT" time="19.017" errors="0">
  <testcase name="addNewCustomer" time="19.017" classname="com.inetbanking.testCases.TC_AddCustomerTest_003"/>
</testsuite> <!-- com.inetbanking.testCases.TC_AddCustomerTest_003 -->
